C:\PROGRAM FILES\OPENCV\OPENCV\VS10\SAMPLES\CPP\DEBUG\YJSWARM_SERVER.EXE
C:\PROGRAM FILES\OPENCV\OPENCV\VS10\SAMPLES\CPP\DEBUG\YJSWARM_SERVER.ILK
C:\PROGRAM FILES\OPENCV\OPENCV\VS10\SAMPLES\CPP\DEBUG\YJSWARM_SERVER.PDB
C:\PROGRAM FILES\OPENCV\OPENCV\VS10\SAMPLES\YJSWARM_SERVER\DEBUG\.NETFRAMEWORK,VERSION=V4.0.ASSEMBLYATTRIBUTES.OBJ
C:\PROGRAM FILES\OPENCV\OPENCV\VS10\SAMPLES\YJSWARM_SERVER\DEBUG\APP.RES
C:\PROGRAM FILES\OPENCV\OPENCV\VS10\SAMPLES\YJSWARM_SERVER\DEBUG\ASSEMBLYINFO.OBJ
C:\Program Files\opencv\opencv\vs10\samples\yjswarm_Server\Debug\cl.command.1.tlog
C:\Program Files\opencv\opencv\vs10\samples\yjswarm_Server\Debug\CL.read.1.tlog
C:\Program Files\opencv\opencv\vs10\samples\yjswarm_Server\Debug\CL.write.1.tlog
C:\Program Files\opencv\opencv\vs10\samples\yjswarm_Server\Debug\link.3712.read.1.tlog
C:\Program Files\opencv\opencv\vs10\samples\yjswarm_Server\Debug\link.3712.write.1.tlog
C:\Program Files\opencv\opencv\vs10\samples\yjswarm_Server\Debug\link.3712-cvtres.read.1.tlog
C:\Program Files\opencv\opencv\vs10\samples\yjswarm_Server\Debug\link.3712-cvtres.write.1.tlog
C:\Program Files\opencv\opencv\vs10\samples\yjswarm_Server\Debug\link.command.1.tlog
C:\Program Files\opencv\opencv\vs10\samples\yjswarm_Server\Debug\link.read.1.tlog
C:\Program Files\opencv\opencv\vs10\samples\yjswarm_Server\Debug\link.write.1.tlog
C:\Program Files\opencv\opencv\vs10\samples\yjswarm_Server\Debug\metagen.read.1.tlog
C:\Program Files\opencv\opencv\vs10\samples\yjswarm_Server\Debug\metagen.write.1.tlog
C:\Program Files\opencv\opencv\vs10\samples\yjswarm_Server\Debug\mt.command.1.tlog
C:\Program Files\opencv\opencv\vs10\samples\yjswarm_Server\Debug\mt.read.1.tlog
C:\Program Files\opencv\opencv\vs10\samples\yjswarm_Server\Debug\mt.write.1.tlog
C:\Program Files\opencv\opencv\vs10\samples\yjswarm_Server\Debug\rc.command.1.tlog
C:\Program Files\opencv\opencv\vs10\samples\yjswarm_Server\Debug\rc.read.1.tlog
C:\Program Files\opencv\opencv\vs10\samples\yjswarm_Server\Debug\rc.write.1.tlog
C:\Program Files\opencv\opencv\vs10\samples\yjswarm_Server\Debug\RSAENH.DLL.bi
C:\PROGRAM FILES\OPENCV\OPENCV\VS10\SAMPLES\YJSWARM_SERVER\DEBUG\STDAFX.OBJ
C:\Program Files\opencv\opencv\vs10\samples\yjswarm_Server\Debug\TZRES.DLL.bi
C:\PROGRAM FILES\OPENCV\OPENCV\VS10\SAMPLES\YJSWARM_SERVER\DEBUG\VC100.PDB
C:\PROGRAM FILES\OPENCV\OPENCV\VS10\SAMPLES\YJSWARM_SERVER\DEBUG\YJSWARM_SERVER.EXE.INTERMEDIATE.MANIFEST
C:\PROGRAM FILES\OPENCV\OPENCV\VS10\SAMPLES\YJSWARM_SERVER\DEBUG\YJSWARM_SERVER.OBJ
C:\PROGRAM FILES\OPENCV\OPENCV\VS10\SAMPLES\YJSWARM_SERVER\DEBUG\YJSWARM_SERVER.PCH
C:\Program Files\opencv\opencv\vs10\samples\yjswarm_Server\Debug\yjswarm_Server.write.1.tlog
